# JRE version: OpenJDK Runtime Environment (8.0_242-b01) (build 1.8.0_242-release-1644-b01)
# Java VM: OpenJDK 64-Bit Server VM (25.242-b01 mixed mode windows-amd64 compressed oops)
Heap:
 PSYoungGen      total 450560K, used 58486K [0x00000000e0000000, 0x00000000fea00000, 0x0000000100000000)
  eden space 423936K, 7% used [0x00000000e0000000,0x00000000e1f757a8,0x00000000f9e00000)
  from space 26624K, 98% used [0x00000000faf80000,0x00000000fc928088,0x00000000fc980000)
  to   space 33280K, 0% used [0x00000000fc980000,0x00000000fc980000,0x00000000fea00000)
 ParOldGen       total 176128K, used 143009K [0x00000000a0000000, 0x00000000aac00000, 0x00000000e0000000)
  object space 176128K, 81% used [0x00000000a0000000,0x00000000a8ba8478,0x00000000aac00000)
 Metaspace       used 109643K, capacity 117820K, committed 118144K, reserved 1153024K
  class space    used 13895K, capacity 15332K, committed 15488K, reserved 1048576K
GC Heap History (10 events):
Event: 8619.556 GC heap before
{Heap before GC invocations=45 (full 4):
 PSYoungGen      total 475648K, used 459264K [0x00000000e0000000, 0x00000000ffb80000, 0x0000000100000000)
  eden space 436736K, 100% used [0x00000000e0000000,0x00000000faa80000,0x00000000faa80000)
  from space 38912K, 57% used [0x00000000fd580000,0x00000000feb800e8,0x00000000ffb80000)
  to   space 41472K, 0% used [0x00000000faa80000,0x00000000faa80000,0x00000000fd300000)
 ParOldGen       total 176128K, used 142969K [0x00000000a0000000, 0x00000000aac00000, 0x00000000e0000000)
  object space 176128K, 81% used [0x00000000a0000000,0x00000000a8b9e478,0x00000000aac00000)
 Metaspace       used 108376K, capacity 116386K, committed 116736K, reserved 1150976K
  class space    used 13778K, capacity 15201K, committed 15360K, reserved 1048576K
Event: 8619.598 GC heap after
Heap after GC invocations=45 (full 4):
 PSYoungGen      total 478208K, used 21771K [0x00000000e0000000, 0x00000000fff80000, 0x0000000100000000)
  eden space 436736K, 0% used [0x00000000e0000000,0x00000000e0000000,0x00000000faa80000)
  from space 41472K, 52% used [0x00000000faa80000,0x00000000fbfc2da8,0x00000000fd300000)
  to   space 39936K, 0% used [0x00000000fd880000,0x00000000fd880000,0x00000000fff80000)
 ParOldGen       total 176128K, used 142977K [0x00000000a0000000, 0x00000000aac00000, 0x00000000e0000000)
  object space 176128K, 81% used [0x00000000a0000000,0x00000000a8ba0478,0x00000000aac00000)
 Metaspace       used 108376K, capacity 116386K, committed 116736K, reserved 1150976K
  class space    used 13778K, capacity 15201K, committed 15360K, reserved 1048576K
}
Event: 8642.861 GC heap before
{Heap before GC invocations=46 (full 4):
 PSYoungGen      total 478208K, used 458507K [0x00000000e0000000, 0x00000000fff80000, 0x0000000100000000)
  eden space 436736K, 100% used [0x00000000e0000000,0x00000000faa80000,0x00000000faa80000)
  from space 41472K, 52% used [0x00000000faa80000,0x00000000fbfc2da8,0x00000000fd300000)
  to   space 39936K, 0% used [0x00000000fd880000,0x00000000fd880000,0x00000000fff80000)
 ParOldGen       total 176128K, used 142977K [0x00000000a0000000, 0x00000000aac00000, 0x00000000e0000000)
  object space 176128K, 81% used [0x00000000a0000000,0x00000000a8ba0478,0x00000000aac00000)
 Metaspace       used 108628K, capacity 116642K, committed 116992K, reserved 1150976K
  class space    used 13780K, capacity 15201K, committed 15360K, reserved 1048576K
Event: 8642.912 GC heap after
Heap after GC invocations=46 (full 4):
 PSYoungGen      total 480256K, used 29845K [0x00000000e0000000, 0x0000000100000000, 0x0000000100000000)
  eden space 440320K, 0% used [0x00000000e0000000,0x00000000e0000000,0x00000000fae00000)
  from space 39936K, 74% used [0x00000000fd880000,0x00000000ff5a57b8,0x00000000fff80000)
  to   space 41984K, 0% used [0x00000000fae00000,0x00000000fae00000,0x00000000fd700000)
 ParOldGen       total 176128K, used 142985K [0x00000000a0000000, 0x00000000aac00000, 0x00000000e0000000)
  object space 176128K, 81% used [0x00000000a0000000,0x00000000a8ba2478,0x00000000aac00000)
 Metaspace       used 108628K, capacity 116642K, committed 116992K, reserved 1150976K
  class space    used 13780K, capacity 15201K, committed 15360K, reserved 1048576K
}
Event: 8703.164 GC heap before
{Heap before GC invocations=47 (full 4):
 PSYoungGen      total 480256K, used 469602K [0x00000000e0000000, 0x0000000100000000, 0x0000000100000000)
  eden space 440320K, 99% used [0x00000000e0000000,0x00000000fad73360,0x00000000fae00000)
  from space 39936K, 74% used [0x00000000fd880000,0x00000000ff5a57b8,0x00000000fff80000)
  to   space 41984K, 0% used [0x00000000fae00000,0x00000000fae00000,0x00000000fd700000)
 ParOldGen       total 176128K, used 142985K [0x00000000a0000000, 0x00000000aac00000, 0x00000000e0000000)
  object space 176128K, 81% used [0x00000000a0000000,0x00000000a8ba2478,0x00000000aac00000)
 Metaspace       used 108729K, capacity 116770K, committed 116992K, reserved 1150976K
  class space    used 13780K, capacity 15201K, committed 15360K, reserved 1048576K
Event: 8703.174 GC heap after
Heap after GC invocations=47 (full 4):
 PSYoungGen      total 482304K, used 18031K [0x00000000e0000000, 0x00000000fff00000, 0x0000000100000000)
  eden space 440320K, 0% used [0x00000000e0000000,0x00000000e0000000,0x00000000fae00000)
  from space 41984K, 42% used [0x00000000fae00000,0x00000000fbf9bd38,0x00000000fd700000)
  to   space 40448K, 0% used [0x00000000fd780000,0x00000000fd780000,0x00000000fff00000)
 ParOldGen       total 176128K, used 142993K [0x00000000a0000000, 0x00000000aac00000, 0x00000000e0000000)
  object space 176128K, 81% used [0x00000000a0000000,0x00000000a8ba4478,0x00000000aac00000)
 Metaspace       used 108729K, capacity 116770K, committed 116992K, reserved 1150976K
  class space    used 13780K, capacity 15201K, committed 15360K, reserved 1048576K
}
Event: 9815.894 GC heap before
{Heap before GC invocations=48 (full 4):
 PSYoungGen      total 482304K, used 458351K [0x00000000e0000000, 0x00000000fff00000, 0x0000000100000000)
  eden space 440320K, 100% used [0x00000000e0000000,0x00000000fae00000,0x00000000fae00000)
  from space 41984K, 42% used [0x00000000fae00000,0x00000000fbf9bd38,0x00000000fd700000)
  to   space 40448K, 0% used [0x00000000fd780000,0x00000000fd780000,0x00000000fff00000)
 ParOldGen       total 176128K, used 142993K [0x00000000a0000000, 0x00000000aac00000, 0x00000000e0000000)
  object space 176128K, 81% used [0x00000000a0000000,0x00000000a8ba4478,0x00000000aac00000)
 Metaspace       used 109426K, capacity 117622K, committed 117888K, reserved 1150976K
  class space    used 13880K, capacity 15331K, committed 15488K, reserved 1048576K
Event: 9815.912 GC heap after
Heap after GC invocations=48 (full 4):
 PSYoungGen      total 478720K, used 21953K [0x00000000e0000000, 0x00000000ffb80000, 0x0000000100000000)
  eden space 441856K, 0% used [0x00000000e0000000,0x00000000e0000000,0x00000000faf80000)
  from space 36864K, 59% used [0x00000000fd780000,0x00000000fecf07b0,0x00000000ffb80000)
  to   space 38912K, 0% used [0x00000000faf80000,0x00000000faf80000,0x00000000fd580000)
 ParOldGen       total 176128K, used 143001K [0x00000000a0000000, 0x00000000aac00000, 0x00000000e0000000)
  object space 176128K, 81% used [0x00000000a0000000,0x00000000a8ba6478,0x00000000aac00000)
 Metaspace       used 109426K, capacity 117622K, committed 117888K, reserved 1150976K
  class space    used 13880K, capacity 15331K, committed 15488K, reserved 1048576K
}
Event: 10849.537 GC heap before
{Heap before GC invocations=49 (full 4):
 PSYoungGen      total 478720K, used 463809K [0x00000000e0000000, 0x00000000ffb80000, 0x0000000100000000)
  eden space 441856K, 100% used [0x00000000e0000000,0x00000000faf80000,0x00000000faf80000)
  from space 36864K, 59% used [0x00000000fd780000,0x00000000fecf07b0,0x00000000ffb80000)
  to   space 38912K, 0% used [0x00000000faf80000,0x00000000faf80000,0x00000000fd580000)
 ParOldGen       total 176128K, used 143001K [0x00000000a0000000, 0x00000000aac00000, 0x00000000e0000000)
  object space 176128K, 81% used [0x00000000a0000000,0x00000000a8ba6478,0x00000000aac00000)
 Metaspace       used 109642K, capacity 117820K, committed 118144K, reserved 1153024K
  class space    used 13895K, capacity 15332K, committed 15488K, reserved 1048576K
Event: 10849.575 GC heap after
Heap after GC invocations=49 (full 4):
 PSYoungGen      total 450560K, used 26272K [0x00000000e0000000, 0x00000000fea00000, 0x0000000100000000)
  eden space 423936K, 0% used [0x00000000e0000000,0x00000000e0000000,0x00000000f9e00000)
  from space 26624K, 98% used [0x00000000faf80000,0x00000000fc928088,0x00000000fc980000)
  to   space 33280K, 0% used [0x00000000fc980000,0x00000000fc980000,0x00000000fea00000)
 ParOldGen       total 176128K, used 143009K [0x00000000a0000000, 0x00000000aac00000, 0x00000000e0000000)
  object space 176128K, 81% used [0x00000000a0000000,0x00000000a8ba8478,0x00000000aac00000)
 Metaspace       used 109642K, capacity 117820K, committed 118144K, reserved 1153024K
  class space    used 13895K, capacity 15332K, committed 15488K, reserved 1048576K
}

