# JRE version: OpenJDK Runtime Environment (8.0_242-b01) (build 1.8.0_242-release-1644-b01)
# Java VM: OpenJDK 64-Bit Server VM (25.242-b01 mixed mode windows-amd64 compressed oops)
Heap:
 PSYoungGen      total 143360K, used 137821K [0x00000000e0000000, 0x00000000ec380000, 0x0000000100000000)
  eden space 130048K, 95% used [0x00000000e0000000,0x00000000e799f130,0x00000000e7f00000)
  from space 13312K, 99% used [0x00000000e7f00000,0x00000000e8bf85e0,0x00000000e8c00000)
  to   space 15872K, 0% used [0x00000000eb400000,0x00000000eb400000,0x00000000ec380000)
 ParOldGen       total 98816K, used 18297K [0x00000000a0000000, 0x00000000a6080000, 0x00000000e0000000)
  object space 98816K, 18% used [0x00000000a0000000,0x00000000a11de720,0x00000000a6080000)
 Metaspace       used 56243K, capacity 57992K, committed 58240K, reserved 1099776K
  class space    used 7737K, capacity 8199K, committed 8320K, reserved 1048576K
GC Heap History (10 events):
Event: 9.162 GC heap before
{Heap before GC invocations=7 (full 1):
 PSYoungGen      total 68608K, used 63046K [0x00000000e0000000, 0x00000000e8580000, 0x0000000100000000)
  eden space 63488K, 99% used [0x00000000e0000000,0x00000000e3d91ac8,0x00000000e3e00000)
  from space 5120K, 0% used [0x00000000e4000000,0x00000000e4000000,0x00000000e4500000)
  to   space 13312K, 0% used [0x00000000e7880000,0x00000000e7880000,0x00000000e8580000)
 ParOldGen       total 66048K, used 7704K [0x00000000a0000000, 0x00000000a4080000, 0x00000000e0000000)
  object space 66048K, 11% used [0x00000000a0000000,0x00000000a0786208,0x00000000a4080000)
 Metaspace       used 28569K, capacity 29074K, committed 29440K, reserved 1075200K
  class space    used 3906K, capacity 4072K, committed 4096K, reserved 1048576K
Event: 9.168 GC heap after
Heap after GC invocations=7 (full 1):
 PSYoungGen      total 97280K, used 8152K [0x00000000e0000000, 0x00000000e8080000, 0x0000000100000000)
  eden space 89088K, 0% used [0x00000000e0000000,0x00000000e0000000,0x00000000e5700000)
  from space 8192K, 99% used [0x00000000e7880000,0x00000000e8076360,0x00000000e8080000)
  to   space 12800K, 0% used [0x00000000e6780000,0x00000000e6780000,0x00000000e7400000)
 ParOldGen       total 66048K, used 7712K [0x00000000a0000000, 0x00000000a4080000, 0x00000000e0000000)
  object space 66048K, 11% used [0x00000000a0000000,0x00000000a0788208,0x00000000a4080000)
 Metaspace       used 28569K, capacity 29074K, committed 29440K, reserved 1075200K
  class space    used 3906K, capacity 4072K, committed 4096K, reserved 1048576K
}
Event: 9.853 GC heap before
{Heap before GC invocations=8 (full 1):
 PSYoungGen      total 97280K, used 97240K [0x00000000e0000000, 0x00000000e8080000, 0x0000000100000000)
  eden space 89088K, 100% used [0x00000000e0000000,0x00000000e5700000,0x00000000e5700000)
  from space 8192K, 99% used [0x00000000e7880000,0x00000000e8076360,0x00000000e8080000)
  to   space 12800K, 0% used [0x00000000e6780000,0x00000000e6780000,0x00000000e7400000)
 ParOldGen       total 66048K, used 7712K [0x00000000a0000000, 0x00000000a4080000, 0x00000000e0000000)
  object space 66048K, 11% used [0x00000000a0000000,0x00000000a0788208,0x00000000a4080000)
 Metaspace       used 33062K, capacity 33604K, committed 34048K, reserved 1079296K
  class space    used 4536K, capacity 4747K, committed 4864K, reserved 1048576K
Event: 9.863 GC heap after
Heap after GC invocations=8 (full 1):
 PSYoungGen      total 118784K, used 9725K [0x00000000e0000000, 0x00000000e9900000, 0x0000000100000000)
  eden space 105984K, 0% used [0x00000000e0000000,0x00000000e0000000,0x00000000e6780000)
  from space 12800K, 75% used [0x00000000e6780000,0x00000000e70ff410,0x00000000e7400000)
  to   space 13312K, 0% used [0x00000000e8c00000,0x00000000e8c00000,0x00000000e9900000)
 ParOldGen       total 66048K, used 7720K [0x00000000a0000000, 0x00000000a4080000, 0x00000000e0000000)
  object space 66048K, 11% used [0x00000000a0000000,0x00000000a078a208,0x00000000a4080000)
 Metaspace       used 33062K, capacity 33604K, committed 34048K, reserved 1079296K
  class space    used 4536K, capacity 4747K, committed 4864K, reserved 1048576K
}
Event: 10.298 GC heap before
{Heap before GC invocations=9 (full 1):
 PSYoungGen      total 118784K, used 50135K [0x00000000e0000000, 0x00000000e9900000, 0x0000000100000000)
  eden space 105984K, 38% used [0x00000000e0000000,0x00000000e2776ad0,0x00000000e6780000)
  from space 12800K, 75% used [0x00000000e6780000,0x00000000e70ff410,0x00000000e7400000)
  to   space 13312K, 0% used [0x00000000e8c00000,0x00000000e8c00000,0x00000000e9900000)
 ParOldGen       total 66048K, used 7720K [0x00000000a0000000, 0x00000000a4080000, 0x00000000e0000000)
  object space 66048K, 11% used [0x00000000a0000000,0x00000000a078a208,0x00000000a4080000)
 Metaspace       used 34584K, capacity 35410K, committed 35456K, reserved 1079296K
  class space    used 4746K, capacity 4980K, committed 4992K, reserved 1048576K
Event: 10.304 GC heap after
Heap after GC invocations=9 (full 1):
 PSYoungGen      total 143360K, used 8843K [0x00000000e0000000, 0x00000000eb400000, 0x0000000100000000)
  eden space 130048K, 0% used [0x00000000e0000000,0x00000000e0000000,0x00000000e7f00000)
  from space 13312K, 66% used [0x00000000e8c00000,0x00000000e94a2f08,0x00000000e9900000)
  to   space 13312K, 0% used [0x00000000e7f00000,0x00000000e7f00000,0x00000000e8c00000)
 ParOldGen       total 66048K, used 7728K [0x00000000a0000000, 0x00000000a4080000, 0x00000000e0000000)
  object space 66048K, 11% used [0x00000000a0000000,0x00000000a078c208,0x00000000a4080000)
 Metaspace       used 34584K, capacity 35410K, committed 35456K, reserved 1079296K
  class space    used 4746K, capacity 4980K, committed 4992K, reserved 1048576K
}
Event: 10.304 GC heap before
{Heap before GC invocations=10 (full 2):
 PSYoungGen      total 143360K, used 8843K [0x00000000e0000000, 0x00000000eb400000, 0x0000000100000000)
  eden space 130048K, 0% used [0x00000000e0000000,0x00000000e0000000,0x00000000e7f00000)
  from space 13312K, 66% used [0x00000000e8c00000,0x00000000e94a2f08,0x00000000e9900000)
  to   space 13312K, 0% used [0x00000000e7f00000,0x00000000e7f00000,0x00000000e8c00000)
 ParOldGen       total 66048K, used 7728K [0x00000000a0000000, 0x00000000a4080000, 0x00000000e0000000)
  object space 66048K, 11% used [0x00000000a0000000,0x00000000a078c208,0x00000000a4080000)
 Metaspace       used 34584K, capacity 35410K, committed 35456K, reserved 1079296K
  class space    used 4746K, capacity 4980K, committed 4992K, reserved 1048576K
Event: 10.365 GC heap after
Heap after GC invocations=10 (full 2):
 PSYoungGen      total 143360K, used 0K [0x00000000e0000000, 0x00000000eb400000, 0x0000000100000000)
  eden space 130048K, 0% used [0x00000000e0000000,0x00000000e0000000,0x00000000e7f00000)
  from space 13312K, 0% used [0x00000000e8c00000,0x00000000e8c00000,0x00000000e9900000)
  to   space 13312K, 0% used [0x00000000e7f00000,0x00000000e7f00000,0x00000000e8c00000)
 ParOldGen       total 98816K, used 15612K [0x00000000a0000000, 0x00000000a6080000, 0x00000000e0000000)
  object space 98816K, 15% used [0x00000000a0000000,0x00000000a0f3f088,0x00000000a6080000)
 Metaspace       used 34552K, capacity 35302K, committed 35456K, reserved 1079296K
  class space    used 4736K, capacity 4962K, committed 4992K, reserved 1048576K
}
Event: 11.587 GC heap before
{Heap before GC invocations=11 (full 2):
 PSYoungGen      total 143360K, used 130048K [0x00000000e0000000, 0x00000000eb400000, 0x0000000100000000)
  eden space 130048K, 100% used [0x00000000e0000000,0x00000000e7f00000,0x00000000e7f00000)
  from space 13312K, 0% used [0x00000000e8c00000,0x00000000e8c00000,0x00000000e9900000)
  to   space 13312K, 0% used [0x00000000e7f00000,0x00000000e7f00000,0x00000000e8c00000)
 ParOldGen       total 98816K, used 15612K [0x00000000a0000000, 0x00000000a6080000, 0x00000000e0000000)
  object space 98816K, 15% used [0x00000000a0000000,0x00000000a0f3f088,0x00000000a6080000)
 Metaspace       used 47470K, capacity 48688K, committed 49024K, reserved 1091584K
  class space    used 6338K, capacity 6678K, committed 6784K, reserved 1048576K
Event: 11.599 GC heap after
Heap after GC invocations=11 (full 2):
 PSYoungGen      total 143360K, used 13281K [0x00000000e0000000, 0x00000000ec380000, 0x0000000100000000)
  eden space 130048K, 0% used [0x00000000e0000000,0x00000000e0000000,0x00000000e7f00000)
  from space 13312K, 99% used [0x00000000e7f00000,0x00000000e8bf85e0,0x00000000e8c00000)
  to   space 15872K, 0% used [0x00000000eb400000,0x00000000eb400000,0x00000000ec380000)
 ParOldGen       total 98816K, used 18297K [0x00000000a0000000, 0x00000000a6080000, 0x00000000e0000000)
  object space 98816K, 18% used [0x00000000a0000000,0x00000000a11de720,0x00000000a6080000)
 Metaspace       used 47470K, capacity 48688K, committed 49024K, reserved 1091584K
  class space    used 6338K, capacity 6678K, committed 6784K, reserved 1048576K
}

